c:\users\administrator\documents\opengl\projects\inclass03_2016142037\01_hellowindow\debug\vc142.pdb
c:\users\administrator\documents\opengl\projects\inclass03_2016142037\01_hellowindow\debug\vc142.idb
c:\users\administrator\documents\opengl\projects\inclass03_2016142037\01_hellowindow\debug\renderer.obj
c:\users\administrator\documents\opengl\projects\inclass03_2016142037\01_hellowindow\debug\mesh.obj
c:\users\administrator\documents\opengl\projects\inclass03_2016142037\01_hellowindow\debug\main.obj
c:\users\administrator\documents\opengl\projects\inclass03_2016142037\01_hellowindow\debug\rocircle.obj
c:\users\administrator\documents\opengl\projects\inclass03_2016142037\01_hellowindow\debug\world.obj
c:\users\administrator\documents\opengl\projects\inclass03_2016142037\01_hellowindow\debug\window.obj
c:\users\administrator\documents\opengl\projects\inclass03_2016142037\01_hellowindow\debug\renderobject.obj
c:\users\administrator\documents\opengl\projects\inclass03_2016142037\01_hellowindow\debug\rointersectpoint.obj
c:\users\administrator\documents\opengl\projects\inclass03_2016142037\01_hellowindow\debug\rolinedrawer.obj
c:\users\administrator\documents\opengl\projects\inclass03_2016142037\01_hellowindow\debug\input.obj
c:\users\administrator\documents\opengl\projects\inclass03_2016142037\01_hellowindow\debug\circle.obj
c:\users\administrator\documents\opengl\projects\inclass03_2016142037\01_hellowindow\debug\application.obj
c:\users\administrator\documents\opengl\projects\inclass03_2016142037\01_hellowindow\debug\transform.obj
c:\users\administrator\documents\opengl\projects\inclass03_2016142037\01_hellowindow\debug\resourcemanager.obj
c:\users\administrator\documents\opengl\projects\inclass03_2016142037\debug\01_hellowindow.exe
c:\users\administrator\documents\opengl\projects\inclass03_2016142037\debug\01_hellowindow.ilk
c:\users\administrator\documents\opengl\projects\inclass03_2016142037\debug\01_hellowindow.pdb
c:\users\administrator\documents\opengl\projects\inclass03_2016142037\01_hellowindow\debug\actor.obj
c:\users\administrator\documents\opengl\projects\inclass03_2016142037\01_hellowindow\debug\circleobject.obj
c:\users\administrator\documents\opengl\projects\inclass03_2016142037\01_hellowindow\debug\core.obj
c:\users\administrator\documents\opengl\projects\inclass03_2016142037\01_hellowindow\debug\gameobject.obj
c:\users\administrator\documents\opengl\projects\inclass03_2016142037\01_hellowindow\debug\hw2actor.obj
c:\users\administrator\documents\opengl\projects\inclass03_2016142037\01_hellowindow\debug\hw2object.obj
c:\users\administrator\documents\opengl\projects\inclass03_2016142037\01_hellowindow\debug\linedrawer.obj
c:\users\administrator\documents\opengl\projects\inclass03_2016142037\01_hellowindow\debug\rectobject.obj
c:\users\administrator\documents\opengl\projects\inclass03_2016142037\01_hellowindow\debug\application.obj.enc
c:\users\administrator\documents\opengl\projects\inclass03_2016142037\01_hellowindow\debug\world.obj.enc
c:\users\administrator\documents\opengl\projects\inclass03_2016142037\01_hellowindow\debug\01_hellowindow.tlog\cl.command.1.tlog
c:\users\administrator\documents\opengl\projects\inclass03_2016142037\01_hellowindow\debug\01_hellowindow.tlog\cl.read.1.tlog
c:\users\administrator\documents\opengl\projects\inclass03_2016142037\01_hellowindow\debug\01_hellowindow.tlog\cl.write.1.tlog
c:\users\administrator\documents\opengl\projects\inclass03_2016142037\01_hellowindow\debug\01_hellowindow.tlog\link.command.1.tlog
c:\users\administrator\documents\opengl\projects\inclass03_2016142037\01_hellowindow\debug\01_hellowindow.tlog\link.read.1.tlog
c:\users\administrator\documents\opengl\projects\inclass03_2016142037\01_hellowindow\debug\01_hellowindow.tlog\link.write.1.tlog
