C:\Program Files (x86)\Microsoft Visual Studio\2019\Community\MSBuild\Microsoft\VC\v160\Microsoft.CppBuild.targets(459,5): warning MSB8028: The intermediate directory (x64\Debug\) contains files shared from another project (01_HelloWindow.vcxproj).  This can lead to incorrect clean and rebuild behavior.
  Animation.cpp
C:\Users\Administrator\Documents\OpenGL\projects\HW2_2016142037\Engine\Animation.cpp(1,10): fatal error C1083: Cannot open include file: 'Animation.h': No such file or directory
  Animator.cpp
C:\Users\Administrator\Documents\OpenGL\projects\HW2_2016142037\Engine\src\Animation.h(3,10): fatal error C1083: Cannot open include file: 'Collections.h': No such file or directory
  AObstacle.cpp
C:\Users\Administrator\Documents\OpenGL\projects\HW2_2016142037\Engine\src\Transform.h(3,10): fatal error C1083: Cannot open include file: 'Mathematics.h': No such file or directory
  AArcBall.cpp
C:\Users\Administrator\Documents\OpenGL\projects\HW2_2016142037\Engine\src\Transform.h(3,10): fatal error C1083: Cannot open include file: 'Mathematics.h': No such file or directory
  Component.cpp
C:\Users\Administrator\Documents\OpenGL\projects\HW2_2016142037\Engine\src\Transform.h(3,10): fatal error C1083: Cannot open include file: 'Mathematics.h': No such file or directory
  APlayer.cpp
C:\Users\Administrator\Documents\OpenGL\projects\HW2_2016142037\Engine\src\Animation.h(3,10): fatal error C1083: Cannot open include file: 'Collections.h': No such file or directory
  Physics.cpp
C:\Users\Administrator\Documents\OpenGL\projects\HW2_2016142037\Engine\src\Physics.h(4,16): error C3646: 'center': unknown override specifier
C:\Users\Administrator\Documents\OpenGL\projects\HW2_2016142037\Engine\src\Physics.h(4,16): error C4430: missing type specifier - int assumed. Note: C++ does not support default-int
C:\Users\Administrator\Documents\OpenGL\projects\HW2_2016142037\Engine\src\Physics.h(16,1): error C2653: 'Vec3Math': is not a class or namespace name
C:\Users\Administrator\Documents\OpenGL\projects\HW2_2016142037\Engine\src\Physics.h(16,1): error C2039: 'center': is not a member of 'ColliderInfo'
C:\Users\Administrator\Documents\OpenGL\projects\HW2_2016142037\Engine\src\Physics.h(2): message : see declaration of 'ColliderInfo'
C:\Users\Administrator\Documents\OpenGL\projects\HW2_2016142037\Engine\src\Physics.h(16,30): error C3861: 'Distance': identifier not found
  Scene.cpp
C:\Users\Administrator\Documents\OpenGL\projects\HW2_2016142037\Engine\src\Transform.h(3,10): fatal error C1083: Cannot open include file: 'Mathematics.h': No such file or directory
  Text.cpp
c1xx : fatal error C1083: Cannot open source file: 'src\Text.cpp': No such file or directory
  Texture.cpp
C:\Users\Administrator\Documents\OpenGL\projects\HW2_2016142037\Engine\src\CoreTypes.h(3,10): fatal error C1083: Cannot open include file: 'Collections.h': No such file or directory
  unity_build.cpp
C:\Users\Administrator\Documents\OpenGL\projects\HW2_2016142037\Engine\src\CoreTypes.h(3,10): fatal error C1083: Cannot open include file: 'Collections.h': No such file or directory
  Generating Code...
